<?xml version="1.0" encoding="UTF-8"?>
<testsuite xmlns:xsi="http://www.w3.org/2001/XMLSchema-instance" xsi:noNamespaceSchemaLocation="https://maven.apache.org/surefire/maven-surefire-plugin/xsd/surefire-test-report.xsd" version="3.0.1" name="com.ecommrealtimerecsys.flink.AppTest" time="0.041" tests="1" errors="0" skipped="0" failures="0">
  <properties>
    <property name="java.specification.version" value="17"/>
    <property name="sun.cpu.isalist" value="amd64"/>
    <property name="sun.jnu.encoding" value="GBK"/>
    <property name="java.class.path" value="A:\Java\EcommRealTimeRecSys\flink-project\target\test-classes;A:\Java\EcommRealTimeRecSys\flink-project\target\classes;C:\Users\saber\.m2\repository\org\apache\flink\flink-java\1.14.0\flink-java-1.14.0.jar;C:\Users\saber\.m2\repository\org\apache\flink\flink-core\1.14.0\flink-core-1.14.0.jar;C:\Users\saber\.m2\repository\org\apache\flink\flink-annotations\1.14.0\flink-annotations-1.14.0.jar;C:\Users\saber\.m2\repository\org\apache\flink\flink-metrics-core\1.14.0\flink-metrics-core-1.14.0.jar;C:\Users\saber\.m2\repository\org\apache\flink\flink-shaded-asm-7\7.1-14.0\flink-shaded-asm-7-7.1-14.0.jar;C:\Users\saber\.m2\repository\com\esotericsoftware\kryo\kryo\2.24.0\kryo-2.24.0.jar;C:\Users\saber\.m2\repository\com\esotericsoftware\minlog\minlog\1.2\minlog-1.2.jar;C:\Users\saber\.m2\repository\org\objenesis\objenesis\2.1\objenesis-2.1.jar;C:\Users\saber\.m2\repository\commons-collections\commons-collections\3.2.2\commons-collections-3.2.2.jar;C:\Users\saber\.m2\repository\org\apache\commons\commons-compress\1.21\commons-compress-1.21.jar;C:\Users\saber\.m2\repository\org\apache\commons\commons-lang3\3.3.2\commons-lang3-3.3.2.jar;C:\Users\saber\.m2\repository\org\apache\commons\commons-math3\3.5\commons-math3-3.5.jar;C:\Users\saber\.m2\repository\org\slf4j\slf4j-api\1.7.15\slf4j-api-1.7.15.jar;C:\Users\saber\.m2\repository\com\google\code\findbugs\jsr305\1.3.9\jsr305-1.3.9.jar;C:\Users\saber\.m2\repository\org\apache\flink\flink-shaded-force-shading\14.0\flink-shaded-force-shading-14.0.jar;C:\Users\saber\.m2\repository\org\apache\flink\flink-streaming-java_2.12\1.14.0\flink-streaming-java_2.12-1.14.0.jar;C:\Users\saber\.m2\repository\org\apache\flink\flink-file-sink-common\1.14.0\flink-file-sink-common-1.14.0.jar;C:\Users\saber\.m2\repository\org\apache\flink\flink-runtime\1.14.0\flink-runtime-1.14.0.jar;C:\Users\saber\.m2\repository\org\apache\flink\flink-rpc-core\1.14.0\flink-rpc-core-1.14.0.jar;C:\Users\saber\.m2\repository\org\apache\flink\flink-rpc-akka-loader\1.14.0\flink-rpc-akka-loader-1.14.0.jar;C:\Users\saber\.m2\repository\org\apache\flink\flink-queryable-state-client-java\1.14.0\flink-queryable-state-client-java-1.14.0.jar;C:\Users\saber\.m2\repository\org\apache\flink\flink-hadoop-fs\1.14.0\flink-hadoop-fs-1.14.0.jar;C:\Users\saber\.m2\repository\commons-io\commons-io\2.8.0\commons-io-2.8.0.jar;C:\Users\saber\.m2\repository\org\apache\flink\flink-shaded-netty\4.1.65.Final-14.0\flink-shaded-netty-4.1.65.Final-14.0.jar;C:\Users\saber\.m2\repository\org\apache\flink\flink-shaded-jackson\2.12.4-14.0\flink-shaded-jackson-2.12.4-14.0.jar;C:\Users\saber\.m2\repository\org\apache\flink\flink-shaded-zookeeper-3\3.4.14-14.0\flink-shaded-zookeeper-3-3.4.14-14.0.jar;C:\Users\saber\.m2\repository\commons-cli\commons-cli\1.3.1\commons-cli-1.3.1.jar;C:\Users\saber\.m2\repository\org\javassist\javassist\3.24.0-GA\javassist-3.24.0-GA.jar;C:\Users\saber\.m2\repository\org\xerial\snappy\snappy-java\1.1.8.3\snappy-java-1.1.8.3.jar;C:\Users\saber\.m2\repository\org\lz4\lz4-java\1.8.0\lz4-java-1.8.0.jar;C:\Users\saber\.m2\repository\org\apache\flink\flink-scala_2.12\1.14.0\flink-scala_2.12-1.14.0.jar;C:\Users\saber\.m2\repository\org\scala-lang\scala-reflect\2.12.7\scala-reflect-2.12.7.jar;C:\Users\saber\.m2\repository\org\scala-lang\scala-library\2.12.7\scala-library-2.12.7.jar;C:\Users\saber\.m2\repository\org\scala-lang\scala-compiler\2.12.7\scala-compiler-2.12.7.jar;C:\Users\saber\.m2\repository\org\scala-lang\modules\scala-xml_2.12\1.0.6\scala-xml_2.12-1.0.6.jar;C:\Users\saber\.m2\repository\com\twitter\chill_2.12\0.7.6\chill_2.12-0.7.6.jar;C:\Users\saber\.m2\repository\com\twitter\chill-java\0.7.6\chill-java-0.7.6.jar;C:\Users\saber\.m2\repository\org\apache\flink\flink-shaded-guava\30.1.1-jre-14.0\flink-shaded-guava-30.1.1-jre-14.0.jar;C:\Users\saber\.m2\repository\org\apache\flink\flink-connector-kafka_2.12\1.14.0\flink-connector-kafka_2.12-1.14.0.jar;C:\Users\saber\.m2\repository\org\apache\flink\flink-connector-base\1.14.0\flink-connector-base-1.14.0.jar;C:\Users\saber\.m2\repository\org\apache\kafka\kafka-clients\2.4.1\kafka-clients-2.4.1.jar;C:\Users\saber\.m2\repository\com\github\luben\zstd-jni\1.4.3-1\zstd-jni-1.4.3-1.jar;C:\Users\saber\.m2\repository\org\apache\zookeeper\zookeeper\3.6.3\zookeeper-3.6.3.jar;C:\Users\saber\.m2\repository\org\apache\zookeeper\zookeeper-jute\3.6.3\zookeeper-jute-3.6.3.jar;C:\Users\saber\.m2\repository\org\apache\yetus\audience-annotations\0.5.0\audience-annotations-0.5.0.jar;C:\Users\saber\.m2\repository\io\netty\netty-handler\4.1.63.Final\netty-handler-4.1.63.Final.jar;C:\Users\saber\.m2\repository\io\netty\netty-common\4.1.63.Final\netty-common-4.1.63.Final.jar;C:\Users\saber\.m2\repository\io\netty\netty-resolver\4.1.63.Final\netty-resolver-4.1.63.Final.jar;C:\Users\saber\.m2\repository\io\netty\netty-buffer\4.1.63.Final\netty-buffer-4.1.63.Final.jar;C:\Users\saber\.m2\repository\io\netty\netty-transport\4.1.63.Final\netty-transport-4.1.63.Final.jar;C:\Users\saber\.m2\repository\io\netty\netty-codec\4.1.63.Final\netty-codec-4.1.63.Final.jar;C:\Users\saber\.m2\repository\io\netty\netty-transport-native-epoll\4.1.63.Final\netty-transport-native-epoll-4.1.63.Final.jar;C:\Users\saber\.m2\repository\io\netty\netty-transport-native-unix-common\4.1.63.Final\netty-transport-native-unix-common-4.1.63.Final.jar;C:\Users\saber\.m2\repository\org\slf4j\slf4j-log4j12\1.7.25\slf4j-log4j12-1.7.25.jar;C:\Users\saber\.m2\repository\log4j\log4j\1.2.17\log4j-1.2.17.jar;C:\Users\saber\.m2\repository\org\apache\bahir\flink-connector-redis_2.12\1.1.0\flink-connector-redis_2.12-1.1.0.jar;C:\Users\saber\.m2\repository\org\apache\flink\flink-table-api-java\1.14.5\flink-table-api-java-1.14.5.jar;C:\Users\saber\.m2\repository\org\apache\flink\flink-table-common\1.14.5\flink-table-common-1.14.5.jar;C:\Users\saber\.m2\repository\org\apache\flink\flink-connector-files\1.14.5\flink-connector-files-1.14.5.jar;C:\Users\saber\.m2\repository\org\apache\flink\flink-table-api-java-bridge_2.12\1.14.5\flink-table-api-java-bridge_2.12-1.14.5.jar;C:\Users\saber\.m2\repository\redis\clients\jedis\2.9.0\jedis-2.9.0.jar;C:\Users\saber\.m2\repository\org\junit\jupiter\junit-jupiter-api\5.11.0\junit-jupiter-api-5.11.0.jar;C:\Users\saber\.m2\repository\org\opentest4j\opentest4j\1.3.0\opentest4j-1.3.0.jar;C:\Users\saber\.m2\repository\org\junit\platform\junit-platform-commons\1.11.0\junit-platform-commons-1.11.0.jar;C:\Users\saber\.m2\repository\org\apiguardian\apiguardian-api\1.1.2\apiguardian-api-1.1.2.jar;C:\Users\saber\.m2\repository\org\junit\jupiter\junit-jupiter-params\5.11.0\junit-jupiter-params-5.11.0.jar;C:\Users\saber\.m2\repository\com\fasterxml\jackson\core\jackson-databind\2.15.0\jackson-databind-2.15.0.jar;C:\Users\saber\.m2\repository\com\fasterxml\jackson\core\jackson-core\2.15.0\jackson-core-2.15.0.jar;C:\Users\saber\.m2\repository\com\fasterxml\jackson\core\jackson-annotations\2.15.0\jackson-annotations-2.15.0.jar;C:\Users\saber\.m2\repository\org\apache\commons\commons-pool2\2.11.1\commons-pool2-2.11.1.jar;"/>
    <property name="java.vm.vendor" value="Oracle Corporation"/>
    <property name="sun.arch.data.model" value="64"/>
    <property name="user.variant" value=""/>
    <property name="java.vendor.url" value="https://java.oracle.com/"/>
    <property name="user.timezone" value="America/Los_Angeles"/>
    <property name="os.name" value="Windows 10"/>
    <property name="java.vm.specification.version" value="17"/>
    <property name="sun.java.launcher" value="SUN_STANDARD"/>
    <property name="user.country" value="US"/>
    <property name="sun.boot.library.path" value="C:\Program Files\Java\jdk-17.0.3.1\bin"/>
    <property name="sun.java.command" value="C:\Users\saber\AppData\Local\Temp\surefire12116250389084940114\surefirebooter-20250325160345205_3.jar C:\Users\saber\AppData\Local\Temp\surefire12116250389084940114 2025-03-25T16-03-45_046-jvmRun1 surefire-20250325160345205_1tmp surefire_0-20250325160345205_2tmp"/>
    <property name="jdk.debug" value="release"/>
    <property name="surefire.test.class.path" value="A:\Java\EcommRealTimeRecSys\flink-project\target\test-classes;A:\Java\EcommRealTimeRecSys\flink-project\target\classes;C:\Users\saber\.m2\repository\org\apache\flink\flink-java\1.14.0\flink-java-1.14.0.jar;C:\Users\saber\.m2\repository\org\apache\flink\flink-core\1.14.0\flink-core-1.14.0.jar;C:\Users\saber\.m2\repository\org\apache\flink\flink-annotations\1.14.0\flink-annotations-1.14.0.jar;C:\Users\saber\.m2\repository\org\apache\flink\flink-metrics-core\1.14.0\flink-metrics-core-1.14.0.jar;C:\Users\saber\.m2\repository\org\apache\flink\flink-shaded-asm-7\7.1-14.0\flink-shaded-asm-7-7.1-14.0.jar;C:\Users\saber\.m2\repository\com\esotericsoftware\kryo\kryo\2.24.0\kryo-2.24.0.jar;C:\Users\saber\.m2\repository\com\esotericsoftware\minlog\minlog\1.2\minlog-1.2.jar;C:\Users\saber\.m2\repository\org\objenesis\objenesis\2.1\objenesis-2.1.jar;C:\Users\saber\.m2\repository\commons-collections\commons-collections\3.2.2\commons-collections-3.2.2.jar;C:\Users\saber\.m2\repository\org\apache\commons\commons-compress\1.21\commons-compress-1.21.jar;C:\Users\saber\.m2\repository\org\apache\commons\commons-lang3\3.3.2\commons-lang3-3.3.2.jar;C:\Users\saber\.m2\repository\org\apache\commons\commons-math3\3.5\commons-math3-3.5.jar;C:\Users\saber\.m2\repository\org\slf4j\slf4j-api\1.7.15\slf4j-api-1.7.15.jar;C:\Users\saber\.m2\repository\com\google\code\findbugs\jsr305\1.3.9\jsr305-1.3.9.jar;C:\Users\saber\.m2\repository\org\apache\flink\flink-shaded-force-shading\14.0\flink-shaded-force-shading-14.0.jar;C:\Users\saber\.m2\repository\org\apache\flink\flink-streaming-java_2.12\1.14.0\flink-streaming-java_2.12-1.14.0.jar;C:\Users\saber\.m2\repository\org\apache\flink\flink-file-sink-common\1.14.0\flink-file-sink-common-1.14.0.jar;C:\Users\saber\.m2\repository\org\apache\flink\flink-runtime\1.14.0\flink-runtime-1.14.0.jar;C:\Users\saber\.m2\repository\org\apache\flink\flink-rpc-core\1.14.0\flink-rpc-core-1.14.0.jar;C:\Users\saber\.m2\repository\org\apache\flink\flink-rpc-akka-loader\1.14.0\flink-rpc-akka-loader-1.14.0.jar;C:\Users\saber\.m2\repository\org\apache\flink\flink-queryable-state-client-java\1.14.0\flink-queryable-state-client-java-1.14.0.jar;C:\Users\saber\.m2\repository\org\apache\flink\flink-hadoop-fs\1.14.0\flink-hadoop-fs-1.14.0.jar;C:\Users\saber\.m2\repository\commons-io\commons-io\2.8.0\commons-io-2.8.0.jar;C:\Users\saber\.m2\repository\org\apache\flink\flink-shaded-netty\4.1.65.Final-14.0\flink-shaded-netty-4.1.65.Final-14.0.jar;C:\Users\saber\.m2\repository\org\apache\flink\flink-shaded-jackson\2.12.4-14.0\flink-shaded-jackson-2.12.4-14.0.jar;C:\Users\saber\.m2\repository\org\apache\flink\flink-shaded-zookeeper-3\3.4.14-14.0\flink-shaded-zookeeper-3-3.4.14-14.0.jar;C:\Users\saber\.m2\repository\commons-cli\commons-cli\1.3.1\commons-cli-1.3.1.jar;C:\Users\saber\.m2\repository\org\javassist\javassist\3.24.0-GA\javassist-3.24.0-GA.jar;C:\Users\saber\.m2\repository\org\xerial\snappy\snappy-java\1.1.8.3\snappy-java-1.1.8.3.jar;C:\Users\saber\.m2\repository\org\lz4\lz4-java\1.8.0\lz4-java-1.8.0.jar;C:\Users\saber\.m2\repository\org\apache\flink\flink-scala_2.12\1.14.0\flink-scala_2.12-1.14.0.jar;C:\Users\saber\.m2\repository\org\scala-lang\scala-reflect\2.12.7\scala-reflect-2.12.7.jar;C:\Users\saber\.m2\repository\org\scala-lang\scala-library\2.12.7\scala-library-2.12.7.jar;C:\Users\saber\.m2\repository\org\scala-lang\scala-compiler\2.12.7\scala-compiler-2.12.7.jar;C:\Users\saber\.m2\repository\org\scala-lang\modules\scala-xml_2.12\1.0.6\scala-xml_2.12-1.0.6.jar;C:\Users\saber\.m2\repository\com\twitter\chill_2.12\0.7.6\chill_2.12-0.7.6.jar;C:\Users\saber\.m2\repository\com\twitter\chill-java\0.7.6\chill-java-0.7.6.jar;C:\Users\saber\.m2\repository\org\apache\flink\flink-shaded-guava\30.1.1-jre-14.0\flink-shaded-guava-30.1.1-jre-14.0.jar;C:\Users\saber\.m2\repository\org\apache\flink\flink-connector-kafka_2.12\1.14.0\flink-connector-kafka_2.12-1.14.0.jar;C:\Users\saber\.m2\repository\org\apache\flink\flink-connector-base\1.14.0\flink-connector-base-1.14.0.jar;C:\Users\saber\.m2\repository\org\apache\kafka\kafka-clients\2.4.1\kafka-clients-2.4.1.jar;C:\Users\saber\.m2\repository\com\github\luben\zstd-jni\1.4.3-1\zstd-jni-1.4.3-1.jar;C:\Users\saber\.m2\repository\org\apache\zookeeper\zookeeper\3.6.3\zookeeper-3.6.3.jar;C:\Users\saber\.m2\repository\org\apache\zookeeper\zookeeper-jute\3.6.3\zookeeper-jute-3.6.3.jar;C:\Users\saber\.m2\repository\org\apache\yetus\audience-annotations\0.5.0\audience-annotations-0.5.0.jar;C:\Users\saber\.m2\repository\io\netty\netty-handler\4.1.63.Final\netty-handler-4.1.63.Final.jar;C:\Users\saber\.m2\repository\io\netty\netty-common\4.1.63.Final\netty-common-4.1.63.Final.jar;C:\Users\saber\.m2\repository\io\netty\netty-resolver\4.1.63.Final\netty-resolver-4.1.63.Final.jar;C:\Users\saber\.m2\repository\io\netty\netty-buffer\4.1.63.Final\netty-buffer-4.1.63.Final.jar;C:\Users\saber\.m2\repository\io\netty\netty-transport\4.1.63.Final\netty-transport-4.1.63.Final.jar;C:\Users\saber\.m2\repository\io\netty\netty-codec\4.1.63.Final\netty-codec-4.1.63.Final.jar;C:\Users\saber\.m2\repository\io\netty\netty-transport-native-epoll\4.1.63.Final\netty-transport-native-epoll-4.1.63.Final.jar;C:\Users\saber\.m2\repository\io\netty\netty-transport-native-unix-common\4.1.63.Final\netty-transport-native-unix-common-4.1.63.Final.jar;C:\Users\saber\.m2\repository\org\slf4j\slf4j-log4j12\1.7.25\slf4j-log4j12-1.7.25.jar;C:\Users\saber\.m2\repository\log4j\log4j\1.2.17\log4j-1.2.17.jar;C:\Users\saber\.m2\repository\org\apache\bahir\flink-connector-redis_2.12\1.1.0\flink-connector-redis_2.12-1.1.0.jar;C:\Users\saber\.m2\repository\org\apache\flink\flink-table-api-java\1.14.5\flink-table-api-java-1.14.5.jar;C:\Users\saber\.m2\repository\org\apache\flink\flink-table-common\1.14.5\flink-table-common-1.14.5.jar;C:\Users\saber\.m2\repository\org\apache\flink\flink-connector-files\1.14.5\flink-connector-files-1.14.5.jar;C:\Users\saber\.m2\repository\org\apache\flink\flink-table-api-java-bridge_2.12\1.14.5\flink-table-api-java-bridge_2.12-1.14.5.jar;C:\Users\saber\.m2\repository\redis\clients\jedis\2.9.0\jedis-2.9.0.jar;C:\Users\saber\.m2\repository\org\junit\jupiter\junit-jupiter-api\5.11.0\junit-jupiter-api-5.11.0.jar;C:\Users\saber\.m2\repository\org\opentest4j\opentest4j\1.3.0\opentest4j-1.3.0.jar;C:\Users\saber\.m2\repository\org\junit\platform\junit-platform-commons\1.11.0\junit-platform-commons-1.11.0.jar;C:\Users\saber\.m2\repository\org\apiguardian\apiguardian-api\1.1.2\apiguardian-api-1.1.2.jar;C:\Users\saber\.m2\repository\org\junit\jupiter\junit-jupiter-params\5.11.0\junit-jupiter-params-5.11.0.jar;C:\Users\saber\.m2\repository\com\fasterxml\jackson\core\jackson-databind\2.15.0\jackson-databind-2.15.0.jar;C:\Users\saber\.m2\repository\com\fasterxml\jackson\core\jackson-core\2.15.0\jackson-core-2.15.0.jar;C:\Users\saber\.m2\repository\com\fasterxml\jackson\core\jackson-annotations\2.15.0\jackson-annotations-2.15.0.jar;C:\Users\saber\.m2\repository\org\apache\commons\commons-pool2\2.11.1\commons-pool2-2.11.1.jar;"/>
    <property name="sun.cpu.endian" value="little"/>
    <property name="user.home" value="C:\Users\saber"/>
    <property name="user.language" value="en"/>
    <property name="java.specification.vendor" value="Oracle Corporation"/>
    <property name="java.version.date" value="2022-04-22"/>
    <property name="java.home" value="C:\Program Files\Java\jdk-17.0.3.1"/>
    <property name="file.separator" value="\"/>
    <property name="basedir" value="A:\Java\EcommRealTimeRecSys\flink-project"/>
    <property name="java.vm.compressedOopsMode" value="Zero based"/>
    <property name="line.separator" value="&#10;"/>
    <property name="java.vm.specification.vendor" value="Oracle Corporation"/>
    <property name="java.specification.name" value="Java Platform API Specification"/>
    <property name="surefire.real.class.path" value="C:\Users\saber\AppData\Local\Temp\surefire12116250389084940114\surefirebooter-20250325160345205_3.jar"/>
    <property name="user.script" value=""/>
    <property name="sun.management.compiler" value="HotSpot 64-Bit Tiered Compilers"/>
    <property name="java.runtime.version" value="17.0.3.1+2-LTS-6"/>
    <property name="user.name" value="saber"/>
    <property name="path.separator" value=";"/>
    <property name="os.version" value="10.0"/>
    <property name="java.runtime.name" value="Java(TM) SE Runtime Environment"/>
    <property name="file.encoding" value="GBK"/>
    <property name="java.vm.name" value="Java HotSpot(TM) 64-Bit Server VM"/>
    <property name="localRepository" value="C:\Users\saber\.m2\repository"/>
    <property name="java.vendor.url.bug" value="https://bugreport.java.com/bugreport/"/>
    <property name="java.io.tmpdir" value="C:\Users\saber\AppData\Local\Temp\"/>
    <property name="java.version" value="17.0.3.1"/>
    <property name="user.dir" value="A:\Java\EcommRealTimeRecSys\flink-project"/>
    <property name="os.arch" value="amd64"/>
    <property name="java.vm.specification.name" value="Java Virtual Machine Specification"/>
    <property name="sun.os.patch.level" value=""/>
    <property name="native.encoding" value="GBK"/>
    <property name="java.library.path" value="C:\Program Files\Java\jdk-17.0.3.1\bin;C:\WINDOWS\Sun\Java\bin;C:\WINDOWS\system32;C:\WINDOWS;C:\Program Files (x86)\VMware\VMware Player\bin\;C:\Users\saber\AppData\Local\Programs\Python\Python311\;C:\Program Files\Common Files\Oracle\Java\javapath;C:\Program Files (x86)\Common Files\Oracle\Java\javapath;C:\WINDOWS\system32;C:\WINDOWS;C:\WINDOWS\System32\Wbem;C:\WINDOWS\System32\WindowsPowerShell\v1.0\;C:\WINDOWS\System32\OpenSSH\;C:\Program Files (x86)\NVIDIA Corporation\PhysX\Common;C:\Program Files\NVIDIA Corporation\NVIDIA NvDLISR;C:\Program Files\dotnet\;C:\Program Files (x86)\Intel\Intel(R) Management Engine Components\DAL;C:\Program Files\Intel\Intel(R) Management Engine Components\DAL;C:\Program Files (x86)\ZeroTier\One\;C:\Users\saber\AppData\Local\Programs\Python\Python39;C:\Program Files (x86)\dotnet\;C:\Program Files\Java\jdk-17.0.3.1\bin;C:\WINDOWS\system32;C:\WINDOWS;C:\WINDOWS\System32\Wbem;C:\WINDOWS\System32\WindowsPowerShell\v1.0\;C:\WINDOWS\System32\OpenSSH\;A:\Node\;C:\Program Files (x86)\NetSarang\Xshell 7\;H:\Git\Git\cmd;C:\Program Files\Docker\Docker\resources\bin;C:\Program Files\Java\jdk-17.0.3.1\bin;C:\Users\saber\AppData\Local\Programs\Python\Python311\Scripts\;C:\Users\saber\AppData\Local\Programs\Python\Python311\;C:\Users\saber\AppData\Local\Microsoft\WindowsApps;C:\Users\saber\AppData\Local\GitHubDesktop\bin;C:\Users\saber\AppData\Local\Microsoft\WindowsApps;A:\Mysql\mysql-8.2.0-winx64\bin;H:\HEROKU\bin;H:\GCC\bin;H:\chromedriver;A:\Intellij IDEA\IntelliJ IDEA 2023.2.2\bin;;A:\Pycharm\PyCharm 2023.2.1\bin;;C:\Users\saber\AppData\Roaming\npm;A:\Node;A:\Java\apache-maven-3.9.6\bin;A:\projects\apache-tomcat-10.1.18-windows-x64\apache-tomcat-10.1.18\bin;C:\Users\saber\OneDrive\Desktop\267p\amass_Windows_amd64\amass_Windows_amd64;;A:\Java\EcommRealTimeRecSys\node_modules\.bin;."/>
    <property name="java.vm.info" value="mixed mode, sharing"/>
    <property name="java.vendor" value="Oracle Corporation"/>
    <property name="java.vm.version" value="17.0.3.1+2-LTS-6"/>
    <property name="sun.io.unicode.encoding" value="UnicodeLittle"/>
    <property name="java.class.version" value="61.0"/>
  </properties>
  <testcase name="shouldAnswerWithTrue" classname="com.ecommrealtimerecsys.flink.AppTest" time="0.02"/>
</testsuite>